#
# There is insufficient memory for the Java Runtime Environment to continue.
# Native memory allocation (malloc) failed to allocate 1781936 bytes for Chunk::new
# Possible reasons:
#   The system is out of physical RAM or swap space
#   In 32 bit mode, the process size limit was hit
# Possible solutions:
#   Reduce memory load on the system
#   Increase physical memory or swap space
#   Check if swap backing store is full
#   Use 64 bit Java on a 64 bit OS
#   Decrease Java heap size (-Xmx/-Xms)
#   Decrease number of Java threads
#   Decrease Java thread stack sizes (-Xss)
#   Set larger code cache with -XX:ReservedCodeCacheSize=
# This output file may be truncated or incomplete.
#
#  Out of Memory Error (allocation.cpp:390), pid=3320, tid=0x0000000000003b28
#
# JRE version: Java(TM) SE Runtime Environment (8.0_121-b13) (build 1.8.0_121-b13)
# Java VM: Java HotSpot(TM) 64-Bit Server VM (25.121-b13 mixed mode windows-amd64 compressed oops)
# Failed to write core dump. Minidumps are not enabled by default on client versions of Windows
#

---------------  T H R E A D  ---------------

Current thread (0x0000000016e09800):  JavaThread "C2 CompilerThread0" daemon [_thread_in_native, id=15144, stack(0x0000000018700000,0x0000000018800000)]

Stack: [0x0000000018700000,0x0000000018800000]
[error occurred during error reporting (printing stack bounds), id 0xc0000005]

Native frames: (J=compiled Java code, j=interpreted, Vv=VM code, C=native code)


Current CompileTask:
C2:5812294 31861 %     4       lombok.javac.JavacAST::buildType @ 71 (208 bytes)


---------------  P R O C E S S  ---------------

Java Threads: ( => current thread )
  0x000000001a1fa800 JavaThread "Cache update executor" [_thread_blocked, id=13944, stack(0x0000000035930000,0x0000000035a30000)]
  0x000000001a1f8000 JavaThread "Stdin handler" [_thread_blocked, id=4056, stack(0x0000000035830000,0x0000000035930000)]
  0x000000001a1f7800 JavaThread "Asynchronous log dispatcher for DefaultDaemonConnection: socket connection from /127.0.0.1:7768 to /127.0.0.1:12357" [_thread_blocked, id=7808, stack(0x0000000035730000,0x0000000035830000)]
  0x000000001a1f9800 JavaThread "Daemon worker Thread 15" [_thread_in_Java, id=10040, stack(0x0000000035630000,0x0000000035730000)]
  0x000000001a1f6000 JavaThread "Cancel handler" [_thread_blocked, id=21016, stack(0x0000000035530000,0x0000000035630000)]
  0x000000001a1f9000 JavaThread "Handler for socket connection from /127.0.0.1:7768 to /127.0.0.1:12357" [_thread_in_native, id=15860, stack(0x0000000035430000,0x0000000035530000)]
  0x000000001a1f6800 JavaThread "Daemon Thread 15" [_thread_blocked, id=18064, stack(0x0000000035330000,0x0000000035430000)]
  0x000000001b580000 JavaThread "pool-4-thread-4" [_thread_blocked, id=22164, stack(0x0000000025d30000,0x0000000025e30000)]
  0x000000001b583000 JavaThread "pool-4-thread-3" [_thread_blocked, id=14232, stack(0x0000000025730000,0x0000000025830000)]
  0x0000000019b53000 JavaThread "pool-4-thread-2" [_thread_blocked, id=18076, stack(0x0000000023bb0000,0x0000000023cb0000)]
  0x0000000019b54800 JavaThread "pool-4-thread-1" [_thread_blocked, id=20512, stack(0x00000000231b0000,0x00000000232b0000)]
  0x0000000019b52000 JavaThread "pool-2-thread-1" [_thread_blocked, id=12556, stack(0x000000001e7f0000,0x000000001e8f0000)]
  0x0000000019b56000 JavaThread "File lock request listener" [_thread_in_native, id=6268, stack(0x000000001d640000,0x000000001d740000)]
  0x0000000019957000 JavaThread "Incoming local TCP Connector on port 7768" [_thread_in_native, id=13696, stack(0x000000001a6d0000,0x000000001a7d0000)]
  0x000000001995d800 JavaThread "pool-1-thread-1" [_thread_blocked, id=18772, stack(0x000000001a3d0000,0x000000001a4d0000)]
  0x0000000018158000 JavaThread "Service Thread" daemon [_thread_blocked, id=15036, stack(0x0000000018a00000,0x0000000018b00000)]
  0x0000000018110800 JavaThread "C1 CompilerThread2" daemon [_thread_blocked, id=4956, stack(0x0000000018900000,0x0000000018a00000)]
  0x0000000016e0b800 JavaThread "C2 CompilerThread1" daemon [_thread_blocked, id=19480, stack(0x0000000018800000,0x0000000018900000)]
=>0x0000000016e09800 JavaThread "C2 CompilerThread0" daemon [_thread_in_native, id=15144, stack(0x0000000018700000,0x0000000018800000)]
  0x0000000016e07800 JavaThread "Attach Listener" daemon [_thread_blocked, id=16196, stack(0x0000000018600000,0x0000000018700000)]
  0x0000000016dbc000 JavaThread "Signal Dispatcher" daemon [_thread_blocked, id=22156, stack(0x0000000018500000,0x0000000018600000)]
  0x0000000016d9a800 JavaThread "Finalizer" daemon [_thread_blocked, id=10148, stack(0x0000000018000000,0x0000000018100000)]
  0x0000000016d79000 JavaThread "Reference Handler" daemon [_thread_blocked, id=13580, stack(0x0000000017f00000,0x0000000018000000)]
  0x0000000003341000 JavaThread "main" [_thread_blocked, id=4668, stack(0x0000000003240000,0x0000000003340000)]

Other Threads:
  0x0000000016d78000 VMThread [stack: 0x0000000017e00000,0x0000000017f00000] [id=3632]
  0x00000000181e7000 WatcherThread [stack: 0x0000000018b00000,0x0000000018c00000] [id=13444]

VM state:not at safepoint (normal execution)

VM Mutex/Monitor currently owned by a thread: None

Heap:
 PSYoungGen      total 445440K, used 307793K [0x00000000e0000000, 0x00000000ffb00000, 0x0000000100000000)
  eden space 374784K, 79% used [0x00000000e0000000,0x00000000f21f9848,0x00000000f6e00000)
  from space 70656K, 15% used [0x00000000fb600000,0x00000000fc09adb0,0x00000000ffb00000)
  to   space 72192K, 0% used [0x00000000f6e00000,0x00000000f6e00000,0x00000000fb480000)
 ParOldGen       total 278528K, used 87908K [0x00000000a0000000, 0x00000000b1000000, 0x00000000e0000000)
  object space 278528K, 31% used [0x00000000a0000000,0x00000000a55d9108,0x00000000b1000000)
 Metaspace       used 77502K, capacity 83866K, committed 87640K, reserved 1126400K
  class space    used 9993K, capacity 10936K, committed 11392K, reserved 1048576K

Card table byte_map: [0x0000000012800000,0x0000000012b10000] byte_map_base: 0x0000000012300000

Marking Bits: (ParMarkBitMap*) 0x00000000534ab6d0
 Begin Bits: [0x0000000013110000, 0x0000000014910000)
 End Bits:   [0x0000000014910000, 0x0000000016110000)

Polling page: 0x0000000001200000

CodeCache: size=245760Kb used=69978Kb max_used=70335Kb free=175781Kb
 bounds [0x0000000003440000, 0x0000000007a00000, 0x0000000012440000]
 total_blobs=19370 nmethods=18569 adapters=712
 compilation: enabled

Compilation events (10 events):
Event: 5809.900 Thread 0x0000000018110800 nmethod 31903 0x00000000044e7110 code [0x00000000044e7320, 0x00000000044e7f38]
Event: 5809.900 Thread 0x0000000018110800 31904       3       com.sun.tools.javac.tree.JCTree$JCInstanceOf::accept (6 bytes)
Event: 5809.901 Thread 0x0000000018110800 nmethod 31904 0x00000000046c0d90 code [0x00000000046c0f00, 0x00000000046c1128]
Event: 5810.026 Thread 0x0000000016e0b800 nmethod 31894 0x000000000742dc10 code [0x000000000742df60, 0x0000000007430bb8]
Event: 5810.026 Thread 0x0000000016e0b800 31895       4       lombok.core.TypeLibrary::toQualified (112 bytes)
Event: 5810.090 Thread 0x0000000016e0b800 nmethod 31895 0x0000000006245f90 code [0x00000000062461e0, 0x00000000062478d8]
Event: 5810.090 Thread 0x0000000016e0b800 31898       4       com.sun.tools.javac.processing.JavacProcessingEnvironment$1::visitSelect (11 bytes)
Event: 5810.092 Thread 0x0000000016e0b800 nmethod 31898 0x00000000046c0a90 code [0x00000000046c0be0, 0x00000000046c0c78]
Event: 5810.092 Thread 0x0000000016e0b800 31896       4       com.sun.tools.javac.code.Symtab::enterBinop (50 bytes)
Event: 5810.138 Thread 0x0000000016e0b800 nmethod 31896 0x0000000007621750 code [0x0000000007621960, 0x0000000007622848]

GC Heap History (10 events):
Event: 2547.356 GC heap before
{Heap before GC invocations=71 (full 8):
 PSYoungGen      total 451584K, used 390443K [0x00000000e0000000, 0x0000000100000000, 0x0000000100000000)
  eden space 378368K, 100% used [0x00000000e0000000,0x00000000f7180000,0x00000000f7180000)
  from space 73216K, 16% used [0x00000000fb880000,0x00000000fc44adb8,0x0000000100000000)
  to   space 72704K, 0% used [0x00000000f7180000,0x00000000f7180000,0x00000000fb880000)
 ParOldGen       total 264192K, used 151576K [0x00000000a0000000, 0x00000000b0200000, 0x00000000e0000000)
  object space 264192K, 57% used [0x00000000a0000000,0x00000000a94062d0,0x00000000b0200000)
 Metaspace       used 79139K, capacity 85516K, committed 87256K, reserved 1126400K
  class space    used 10176K, capacity 11101K, committed 11264K, reserved 1048576K
Event: 2547.387 GC heap after
Heap after GC invocations=71 (full 8):
 PSYoungGen      total 379904K, used 15383K [0x00000000e0000000, 0x00000000fef80000, 0x0000000100000000)
  eden space 364032K, 0% used [0x00000000e0000000,0x00000000e0000000,0x00000000f6380000)
  from space 15872K, 96% used [0x00000000f7180000,0x00000000f8085d20,0x00000000f8100000)
  to   space 71680K, 0% used [0x00000000fa980000,0x00000000fa980000,0x00000000fef80000)
 ParOldGen       total 264192K, used 153279K [0x00000000a0000000, 0x00000000b0200000, 0x00000000e0000000)
  object space 264192K, 58% used [0x00000000a0000000,0x00000000a95afd50,0x00000000b0200000)
 Metaspace       used 79139K, capacity 85516K, committed 87256K, reserved 1126400K
  class space    used 10176K, capacity 11101K, committed 11264K, reserved 1048576K
}
Event: 2552.112 GC heap before
{Heap before GC invocations=72 (full 8):
 PSYoungGen      total 379904K, used 379415K [0x00000000e0000000, 0x00000000fef80000, 0x0000000100000000)
  eden space 364032K, 100% used [0x00000000e0000000,0x00000000f6380000,0x00000000f6380000)
  from space 15872K, 96% used [0x00000000f7180000,0x00000000f8085d20,0x00000000f8100000)
  to   space 71680K, 0% used [0x00000000fa980000,0x00000000fa980000,0x00000000fef80000)
 ParOldGen       total 264192K, used 153279K [0x00000000a0000000, 0x00000000b0200000, 0x00000000e0000000)
  object space 264192K, 58% used [0x00000000a0000000,0x00000000a95afd50,0x00000000b0200000)
 Metaspace       used 80850K, capacity 87280K, committed 87384K, reserved 1126400K
  class space    used 10354K, capacity 11305K, committed 11392K, reserved 1048576K
Event: 2552.215 GC heap after
Heap after GC invocations=72 (full 8):
 PSYoungGen      total 430592K, used 54882K [0x00000000e0000000, 0x0000000100000000, 0x0000000100000000)
  eden space 358912K, 0% used [0x00000000e0000000,0x00000000e0000000,0x00000000f5e80000)
  from space 71680K, 76% used [0x00000000fa980000,0x00000000fdf18808,0x00000000fef80000)
  to   space 76800K, 0% used [0x00000000f5e80000,0x00000000f5e80000,0x00000000fa980000)
 ParOldGen       total 264192K, used 166692K [0x00000000a0000000, 0x00000000b0200000, 0x00000000e0000000)
  object space 264192K, 63% used [0x00000000a0000000,0x00000000aa2c93b0,0x00000000b0200000)
 Metaspace       used 80850K, capacity 87280K, committed 87384K, reserved 1126400K
  class space    used 10354K, capacity 11305K, committed 11392K, reserved 1048576K
}
Event: 2557.696 GC heap before
{Heap before GC invocations=73 (full 8):
 PSYoungGen      total 430592K, used 413794K [0x00000000e0000000, 0x0000000100000000, 0x0000000100000000)
  eden space 358912K, 100% used [0x00000000e0000000,0x00000000f5e80000,0x00000000f5e80000)
  from space 71680K, 76% used [0x00000000fa980000,0x00000000fdf18808,0x00000000fef80000)
  to   space 76800K, 0% used [0x00000000f5e80000,0x00000000f5e80000,0x00000000fa980000)
 ParOldGen       total 264192K, used 166692K [0x00000000a0000000, 0x00000000b0200000, 0x00000000e0000000)
  object space 264192K, 63% used [0x00000000a0000000,0x00000000aa2c93b0,0x00000000b0200000)
 Metaspace       used 80925K, capacity 87344K, committed 87640K, reserved 1126400K
  class space    used 10361K, capacity 11305K, committed 11392K, reserved 1048576K
Event: 2557.795 GC heap after
Heap after GC invocations=73 (full 8):
 PSYoungGen      total 435712K, used 30454K [0x00000000e0000000, 0x00000000ffd00000, 0x0000000100000000)
  eden space 358912K, 0% used [0x00000000e0000000,0x00000000e0000000,0x00000000f5e80000)
  from space 76800K, 39% used [0x00000000f5e80000,0x00000000f7c3da50,0x00000000fa980000)
  to   space 72704K, 0% used [0x00000000fb600000,0x00000000fb600000,0x00000000ffd00000)
 ParOldGen       total 264192K, used 216956K [0x00000000a0000000, 0x00000000b0200000, 0x00000000e0000000)
  object space 264192K, 82% used [0x00000000a0000000,0x00000000ad3df2a0,0x00000000b0200000)
 Metaspace       used 80925K, capacity 87344K, committed 87640K, reserved 1126400K
  class space    used 10361K, capacity 11305K, committed 11392K, reserved 1048576K
}
Event: 2557.795 GC heap before
{Heap before GC invocations=74 (full 9):
 PSYoungGen      total 435712K, used 30454K [0x00000000e0000000, 0x00000000ffd00000, 0x0000000100000000)
  eden space 358912K, 0% used [0x00000000e0000000,0x00000000e0000000,0x00000000f5e80000)
  from space 76800K, 39% used [0x00000000f5e80000,0x00000000f7c3da50,0x00000000fa980000)
  to   space 72704K, 0% used [0x00000000fb600000,0x00000000fb600000,0x00000000ffd00000)
 ParOldGen       total 264192K, used 216956K [0x00000000a0000000, 0x00000000b0200000, 0x00000000e0000000)
  object space 264192K, 82% used [0x00000000a0000000,0x00000000ad3df2a0,0x00000000b0200000)
 Metaspace       used 80925K, capacity 87344K, committed 87640K, reserved 1126400K
  class space    used 10361K, capacity 11305K, committed 11392K, reserved 1048576K
Event: 2558.088 GC heap after
Heap after GC invocations=74 (full 9):
 PSYoungGen      total 435712K, used 0K [0x00000000e0000000, 0x00000000ffd00000, 0x0000000100000000)
  eden space 358912K, 0% used [0x00000000e0000000,0x00000000e0000000,0x00000000f5e80000)
  from space 76800K, 0% used [0x00000000f5e80000,0x00000000f5e80000,0x00000000fa980000)
  to   space 72704K, 0% used [0x00000000fb600000,0x00000000fb600000,0x00000000ffd00000)
 ParOldGen       total 278528K, used 87900K [0x00000000a0000000, 0x00000000b1000000, 0x00000000e0000000)
  object space 278528K, 31% used [0x00000000a0000000,0x00000000a55d7108,0x00000000b1000000)
 Metaspace       used 75716K, capacity 81982K, committed 87640K, reserved 1126400K
  class space    used 9805K, capacity 10692K, committed 11392K, reserved 1048576K
}
Event: 5804.686 GC heap before
{Heap before GC invocations=75 (full 9):
 PSYoungGen      total 435712K, used 358912K [0x00000000e0000000, 0x00000000ffd00000, 0x0000000100000000)
  eden space 358912K, 100% used [0x00000000e0000000,0x00000000f5e80000,0x00000000f5e80000)
  from space 76800K, 0% used [0x00000000f5e80000,0x00000000f5e80000,0x00000000fa980000)
  to   space 72704K, 0% used [0x00000000fb600000,0x00000000fb600000,0x00000000ffd00000)
 ParOldGen       total 278528K, used 87900K [0x00000000a0000000, 0x00000000b1000000, 0x00000000e0000000)
  object space 278528K, 31% used [0x00000000a0000000,0x00000000a55d7108,0x00000000b1000000)
 Metaspace       used 75832K, capacity 82166K, committed 87640K, reserved 1126400K
  class space    used 9815K, capacity 10732K, committed 11392K, reserved 1048576K
Event: 5804.752 GC heap after
Heap after GC invocations=75 (full 9):
 PSYoungGen      total 445440K, used 10859K [0x00000000e0000000, 0x00000000ffb00000, 0x0000000100000000)
  eden space 374784K, 0% used [0x00000000e0000000,0x00000000e0000000,0x00000000f6e00000)
  from space 70656K, 15% used [0x00000000fb600000,0x00000000fc09adb0,0x00000000ffb00000)
  to   space 72192K, 0% used [0x00000000f6e00000,0x00000000f6e00000,0x00000000fb480000)
 ParOldGen       total 278528K, used 87908K [0x00000000a0000000, 0x00000000b1000000, 0x00000000e0000000)
  object space 278528K, 31% used [0x00000000a0000000,0x00000000a55d9108,0x00000000b1000000)
 Metaspace       used 75832K, capacity 82166K, committed 87640K, reserved 1126400K
  class space    used 9815K, capacity 10732K, committed 11392K, reserved 1048576K
}

Deoptimization events (10 events):
Event: 2552.504 Thread 0x000000001a1fa800 Uncommon trap: reason=bimorphic action=maybe_recompile pc=0x00000000071d3774 method=com.sun.tools.javac.jvm.ClassWriter.writeClass(Lcom/sun/tools/javac/code/Symbol$ClassSymbol;)Ljavax/tools/JavaFileObject; @ 21
Event: 2554.713 Thread 0x000000001a1fa800 Uncommon trap: reason=null_check action=make_not_entrant pc=0x0000000005778de8 method=lombok.bytecode.ClassFileMetaData.findUtf8(Ljava/lang/String;)I @ 17
Event: 2554.765 Thread 0x000000001a1fa800 Uncommon trap: reason=null_check action=make_not_entrant pc=0x0000000003e470b0 method=lombok.bytecode.ClassFileMetaData.findUtf8(Ljava/lang/String;)I @ 17
Event: 5809.310 Thread 0x000000001a1f9800 Uncommon trap: reason=class_check action=maybe_recompile pc=0x00000000073e6f48 method=lombok.javac.JavacNode.traverse(Llombok/javac/JavacASTVisitor;)V @ 69
Event: 5809.310 Thread 0x000000001a1f9800 Uncommon trap: reason=class_check action=maybe_recompile pc=0x00000000073e6e18 method=lombok.javac.JavacNode.traverse(Llombok/javac/JavacASTVisitor;)V @ 112
Event: 5809.310 Thread 0x000000001a1f9800 Uncommon trap: reason=class_check action=maybe_recompile pc=0x00000000073e7094 method=lombok.javac.JavacNode.traverse(Llombok/javac/JavacASTVisitor;)V @ 494
Event: 5809.310 Thread 0x000000001a1f9800 Uncommon trap: reason=class_check action=maybe_recompile pc=0x00000000073e6d40 method=lombok.javac.JavacNode.traverse(Llombok/javac/JavacASTVisitor;)V @ 155
Event: 5809.310 Thread 0x000000001a1f9800 Uncommon trap: reason=class_check action=maybe_recompile pc=0x00000000073e6d58 method=lombok.javac.JavacNode.traverse(Llombok/javac/JavacASTVisitor;)V @ 386
Event: 5809.310 Thread 0x000000001a1f9800 Uncommon trap: reason=class_check action=maybe_recompile pc=0x00000000073e6d58 method=lombok.javac.JavacNode.traverse(Llombok/javac/JavacASTVisitor;)V @ 386
Event: 5809.649 Thread 0x000000001a1f9800 Uncommon trap: reason=class_check action=maybe_recompile pc=0x000000000589882c method=com.sun.tools.javac.processing.JavacFiler.checkFileReopening(Ljavax/tools/FileObject;Z)V @ 37

Internal exceptions (10 events):
Event: 5803.370 Thread 0x000000001a1f9800 Exception <a 'sun/nio/fs/WindowsException'> (0x00000000f39c6f20) thrown at [C:\re\workspace\8-2-build-windows-amd64-cygwin\jdk8u121\8372\hotspot\src\share\vm\prims\jni.cpp, line 709]
Event: 5803.370 Thread 0x000000001a1f9800 Exception <a 'sun/nio/fs/WindowsException'> (0x00000000f39c78b0) thrown at [C:\re\workspace\8-2-build-windows-amd64-cygwin\jdk8u121\8372\hotspot\src\share\vm\prims\jni.cpp, line 709]
Event: 5803.370 Thread 0x000000001a1f9800 Exception <a 'sun/nio/fs/WindowsException'> (0x00000000f39ca0c8) thrown at [C:\re\workspace\8-2-build-windows-amd64-cygwin\jdk8u121\8372\hotspot\src\share\vm\prims\jni.cpp, line 709]
Event: 5803.370 Thread 0x000000001a1f9800 Exception <a 'sun/nio/fs/WindowsException'> (0x00000000f39caa68) thrown at [C:\re\workspace\8-2-build-windows-amd64-cygwin\jdk8u121\8372\hotspot\src\share\vm\prims\jni.cpp, line 709]
Event: 5803.371 Thread 0x000000001a1f9800 Exception <a 'sun/nio/fs/WindowsException'> (0x00000000f39cc680) thrown at [C:\re\workspace\8-2-build-windows-amd64-cygwin\jdk8u121\8372\hotspot\src\share\vm\prims\jni.cpp, line 709]
Event: 5803.371 Thread 0x000000001a1f9800 Exception <a 'sun/nio/fs/WindowsException'> (0x00000000f39cd040) thrown at [C:\re\workspace\8-2-build-windows-amd64-cygwin\jdk8u121\8372\hotspot\src\share\vm\prims\jni.cpp, line 709]
Event: 5803.371 Thread 0x000000001a1f9800 Exception <a 'sun/nio/fs/WindowsException'> (0x00000000f39cf9e8) thrown at [C:\re\workspace\8-2-build-windows-amd64-cygwin\jdk8u121\8372\hotspot\src\share\vm\prims\jni.cpp, line 709]
Event: 5803.371 Thread 0x000000001a1f9800 Exception <a 'sun/nio/fs/WindowsException'> (0x00000000f39d03b8) thrown at [C:\re\workspace\8-2-build-windows-amd64-cygwin\jdk8u121\8372\hotspot\src\share\vm\prims\jni.cpp, line 709]
Event: 5803.371 Thread 0x000000001a1f9800 Exception <a 'sun/nio/fs/WindowsException'> (0x00000000f39d2048) thrown at [C:\re\workspace\8-2-build-windows-amd64-cygwin\jdk8u121\8372\hotspot\src\share\vm\prims\jni.cpp, line 709]
Event: 5803.371 Thread 0x000000001a1f9800 Exception <a 'sun/nio/fs/WindowsException'> (0x00000000f39d2a38) thrown at [C:\re\workspace\8-2-build-windows-amd64-cygwin\jdk8u121\8372\hotspot\src\share\vm\prims\jni.cpp, line 709]

Events (10 events):
Event: 5809.310 Thread 0x000000001a1f9800 Uncommon trap: trap_request=0xffffffde fr.pc=0x00000000073e6d58
Event: 5809.310 Thread 0x000000001a1f9800 DEOPT PACKING pc=0x00000000073e6d58 sp=0x000000003572b130
Event: 5809.310 Thread 0x000000001a1f9800 DEOPT UNPACKING pc=0x000000000348582a sp=0x000000003572b0e0 mode 2
Event: 5809.647 loading class lombok/javac/apt/EmptyLombokFileObject
Event: 5809.647 loading class lombok/javac/apt/EmptyLombokFileObject done
Event: 5809.648 loading class lombok/javac/apt/Javac7BaseFileObjectWrapper
Event: 5809.648 loading class lombok/javac/apt/Javac7BaseFileObjectWrapper done
Event: 5809.649 Thread 0x000000001a1f9800 Uncommon trap: trap_request=0xffffffde fr.pc=0x000000000589882c
Event: 5809.649 Thread 0x000000001a1f9800 DEOPT PACKING pc=0x000000000589882c sp=0x000000003572b490
Event: 5809.649 Thread 0x000000001a1f9800 DEOPT UNPACKING pc=0x000000000348582a sp=0x000000003572b440 mode 2


Dynamic libraries:
0x00007ff7b6720000 - 0x00007ff7b6757000 	C:\Program Files\Java\jdk1.8.0_121\bin\java.exe
0x00007ffade5a0000 - 0x00007ffade771000 	C:\WINDOWS\SYSTEM32\ntdll.dll
0x00007ffadbf30000 - 0x00007ffadbfdc000 	C:\WINDOWS\System32\KERNEL32.DLL
0x00007ffadb3c0000 - 0x00007ffadb5dd000 	C:\WINDOWS\System32\KERNELBASE.dll
0x00007ffadddd0000 - 0x00007ffadde72000 	C:\WINDOWS\System32\ADVAPI32.dll
0x00007ffadbe90000 - 0x00007ffadbf2e000 	C:\WINDOWS\System32\msvcrt.dll
0x00007ffade540000 - 0x00007ffade599000 	C:\WINDOWS\System32\sechost.dll
0x00007ffaddba0000 - 0x00007ffaddcc1000 	C:\WINDOWS\System32\RPCRT4.dll
0x00007ffadbcc0000 - 0x00007ffadbe25000 	C:\WINDOWS\System32\USER32.dll
0x00007ffadac10000 - 0x00007ffadac2e000 	C:\WINDOWS\System32\win32u.dll
0x00007ffadbb30000 - 0x00007ffadbb64000 	C:\WINDOWS\System32\GDI32.dll
0x00007ffadb8b0000 - 0x00007ffadba30000 	C:\WINDOWS\System32\gdi32full.dll
0x00007ffac79e0000 - 0x00007ffac7c5a000 	C:\WINDOWS\WinSxS\amd64_microsoft.windows.common-controls_6595b64144ccf1df_6.0.14393.953_none_42151e83c686086b\COMCTL32.dll
0x00007ffade200000 - 0x00007ffade4c8000 	C:\WINDOWS\System32\combase.dll
0x00007ffadb5e0000 - 0x00007ffadb6d5000 	C:\WINDOWS\System32\ucrtbase.dll
0x00007ffadaba0000 - 0x00007ffadac0a000 	C:\WINDOWS\System32\bcryptPrimitives.dll
0x00007ffadbb70000 - 0x00007ffadbb9e000 	C:\WINDOWS\System32\IMM32.DLL
0x0000000053530000 - 0x0000000053602000 	C:\Program Files\Java\jdk1.8.0_121\jre\bin\msvcr100.dll
0x0000000052c90000 - 0x000000005352b000 	C:\Program Files\Java\jdk1.8.0_121\jre\bin\server\jvm.dll
0x00007ffadbfe0000 - 0x00007ffadbfe8000 	C:\WINDOWS\System32\PSAPI.DLL
0x00007ffad8f10000 - 0x00007ffad8f33000 	C:\WINDOWS\SYSTEM32\WINMM.dll
0x00007ffacc8e0000 - 0x00007ffacc8e9000 	C:\WINDOWS\SYSTEM32\WSOCK32.dll
0x00007ffad5960000 - 0x00007ffad596a000 	C:\WINDOWS\SYSTEM32\VERSION.dll
0x0000000002da0000 - 0x0000000002dcb000 	C:\WINDOWS\SYSTEM32\WINMMBASE.dll
0x00007ffadc620000 - 0x00007ffadc68a000 	C:\WINDOWS\System32\WS2_32.dll
0x00007ffadbae0000 - 0x00007ffadbb22000 	C:\WINDOWS\System32\cfgmgr32.dll
0x0000000052c80000 - 0x0000000052c8f000 	C:\Program Files\Java\jdk1.8.0_121\jre\bin\verify.dll
0x0000000052c50000 - 0x0000000052c79000 	C:\Program Files\Java\jdk1.8.0_121\jre\bin\java.dll
0x0000000052c30000 - 0x0000000052c46000 	C:\Program Files\Java\jdk1.8.0_121\jre\bin\zip.dll
0x00007ffadc690000 - 0x00007ffaddb98000 	C:\WINDOWS\System32\SHELL32.dll
0x00007ffadace0000 - 0x00007ffadb3ba000 	C:\WINDOWS\System32\windows.storage.dll
0x00007ffadaa10000 - 0x00007ffadaa5c000 	C:\WINDOWS\System32\powrprof.dll
0x00007ffadbc40000 - 0x00007ffadbc92000 	C:\WINDOWS\System32\shlwapi.dll
0x00007ffadaa60000 - 0x00007ffadaa6f000 	C:\WINDOWS\System32\kernel.appcore.dll
0x00007ffadac30000 - 0x00007ffadacd9000 	C:\WINDOWS\System32\shcore.dll
0x00007ffadaa70000 - 0x00007ffadaa84000 	C:\WINDOWS\System32\profapi.dll
0x0000000052c10000 - 0x0000000052c2a000 	C:\Program Files\Java\jdk1.8.0_121\jre\bin\net.dll
0x00007ffada2e0000 - 0x00007ffada33c000 	C:\WINDOWS\system32\mswsock.dll
0x0000000052bf0000 - 0x0000000052c01000 	C:\Program Files\Java\jdk1.8.0_121\jre\bin\nio.dll
0x00007ffacf140000 - 0x00007ffacf15e000 	C:\Users\muoe0\.gradle\native\23\windows-amd64\native-platform.dll
0x00007ffada490000 - 0x00007ffada4a7000 	C:\WINDOWS\SYSTEM32\CRYPTSP.dll
0x00007ffad9ee0000 - 0x00007ffad9f13000 	C:\WINDOWS\system32\rsaenh.dll
0x00007ffada950000 - 0x00007ffada97b000 	C:\WINDOWS\SYSTEM32\bcrypt.dll
0x00007ffada160000 - 0x00007ffada17f000 	C:\WINDOWS\SYSTEM32\USERENV.dll
0x00007ffada480000 - 0x00007ffada48b000 	C:\WINDOWS\SYSTEM32\CRYPTBASE.dll
0x00007ffada060000 - 0x00007ffada098000 	C:\WINDOWS\SYSTEM32\IPHLPAPI.DLL
0x00007ffade1f0000 - 0x00007ffade1f8000 	C:\WINDOWS\System32\NSI.dll
0x00007ffad4170000 - 0x00007ffad4186000 	C:\WINDOWS\SYSTEM32\dhcpcsvc6.DLL
0x00007ffad4e00000 - 0x00007ffad4e1a000 	C:\WINDOWS\SYSTEM32\dhcpcsvc.DLL
0x0000000052be0000 - 0x0000000052bed000 	C:\Program Files\Java\jdk1.8.0_121\jre\bin\management.dll

VM Arguments:
jvm_args: -Xmx1536m -Dfile.encoding=x-windows-949 -Duser.country=KR -Duser.language=ko -Duser.variant 
java_command: org.gradle.launcher.daemon.bootstrap.GradleDaemon 3.3
java_class_path (initial): C:\Users\muoe0\.gradle\wrapper\dists\gradle-3.3-all\55gk2rcmfc6p2dg9u9ohc3hw9\gradle-3.3\lib\gradle-launcher-3.3.jar
Launcher Type: SUN_STANDARD

Environment Variables:
JAVA_HOME=C:\Program Files\Java\jdk1.8.0_121
PATH=C:\ProgramData\Oracle\Java\javapath;C:\WINDOWS\system32;C:\WINDOWS;C:\WINDOWS\System32\Wbem;C:\WINDOWS\System32\WindowsPowerShell\v1.0\;C:\Program Files (x86)\ePapyrus\Papyrus-PlugIn-ntas;C:\Program Files (x86)\ePapyrus\Papyrus-PlugIn-ntas\Addins;C:\Program Files\Java\jdk1.8.0_121\bin;C:\Program Files\Git\cmd;C:\Users\muoe0\AppData\Local\Microsoft\WindowsApps;;C:\Program Files (x86)\Microsoft VS Code\bin
USERNAME=muoe0
OS=Windows_NT
PROCESSOR_IDENTIFIER=Intel64 Family 6 Model 58 Stepping 9, GenuineIntel



---------------  S Y S T E M  ---------------

OS: Windows 10.0 , 64 bit Build 14393 (10.0.14393.1198)

CPU:total 4 (2 cores per cpu, 2 threads per core) family 6 model 58 stepping 9, cmov, cx8, fxsr, mmx, sse, sse2, sse3, ssse3, sse4.1, sse4.2, popcnt, avx, clmul, erms, ht, tsc, tscinvbit, tscinv

Memory: 4k page, physical 8001056k(2091528k free), swap 9293556k(4400k free)

vm_info: Java HotSpot(TM) 64-Bit Server VM (25.121-b13) for windows-amd64 JRE (1.8.0_121-b13), built on Dec 12 2016 18:21:36 by "java_re" with MS VC++ 10.0 (VS2010)

time: Sun Oct 08 20:02:56 2017
elapsed time: 5810 seconds (0d 1h 36m 50s)

